2026-03-19 01:48:50,700 - INFO - Finished Customers \u2192 Success: 30000, Errors: 0
2026-03-19 01:48:50,879 - INFO - Finished Products \u2192 Success: 8000, Errors: 0
2026-03-19 01:48:54,158 - INFO - Finished Orders \u2192 Success: 120000, Errors: 0
2026-03-19 01:48:55,292 - ERROR - Table: OrderItems | Row: ['48460', '101676', '7396', '1', '126.74', '0.108', '126.74'] | Error: UNIQUE constraint failed: OrderItems.OrderID, OrderItems.ProductID
2026-03-19 01:48:55,573 - ERROR - Table: OrderItems | Row: ['60288', '48129', '1034', '2', '86.54', '0.093', '173.08'] | Error: UNIQUE constraint failed: OrderItems.OrderID, OrderItems.ProductID
2026-03-19 01:48:56,840 - ERROR - Table: OrderItems | Row: ['109343', '26387', '7274', '1', '60.46', '0.148', '60.46'] | Error: UNIQUE constraint failed: OrderItems.OrderID, OrderItems.ProductID
2026-03-19 01:48:57,026 - ERROR - Table: OrderItems | Row: ['116361', '72202', '3892', '3', '98.66', '0.079', '295.98'] | Error: UNIQUE constraint failed: OrderItems.OrderID, OrderItems.ProductID
2026-03-19 01:48:57,424 - ERROR - Table: OrderItems | Row: ['130316', '50725', '3387', '3', '220.14', '0.018', '660.42'] | Error: UNIQUE constraint failed: OrderItems.OrderID, OrderItems.ProductID
2026-03-19 01:48:57,903 - ERROR - Table: OrderItems | Row: ['145585', '110461', '4828', '4', '355.99', '0.035', '1423.96'] | Error: UNIQUE constraint failed: OrderItems.OrderID, OrderItems.ProductID
2026-03-19 01:48:58,056 - ERROR - Table: OrderItems | Row: ['150171', '42985', '1533', '1', '239.69', '0.107', '239.69'] | Error: UNIQUE constraint failed: OrderItems.OrderID, OrderItems.ProductID
2026-03-19 01:48:58,140 - ERROR - Table: OrderItems | Row: ['151475', '116325', '3601', '5', '337.33', '0.061', '1686.65'] | Error: UNIQUE constraint failed: OrderItems.OrderID, OrderItems.ProductID
2026-03-19 01:48:58,629 - ERROR - Table: OrderItems | Row: ['166329', '36268', '2663', '4', '344.51', '0.061', '1378.04'] | Error: UNIQUE constraint failed: OrderItems.OrderID, OrderItems.ProductID
2026-03-19 01:48:58,861 - ERROR - Table: OrderItems | Row: ['173250', '35048', '452', '5', '284.63', '0.075', '1423.15'] | Error: UNIQUE constraint failed: OrderItems.OrderID, OrderItems.ProductID
2026-03-19 01:48:58,888 - ERROR - Table: OrderItems | Row: ['173691', '92015', '6699', '2', '300.91', '0.118', '601.82'] | Error: UNIQUE constraint failed: OrderItems.OrderID, OrderItems.ProductID
2026-03-19 01:48:58,943 - ERROR - Table: OrderItems | Row: ['175243', '47349', '1852', '3', '17.31', '0.238', '51.93'] | Error: UNIQUE constraint failed: OrderItems.OrderID, OrderItems.ProductID
2026-03-19 01:48:59,366 - ERROR - Table: OrderItems | Row: ['186906', '47153', '3737', '4', '146.48', '0.239', '585.92'] | Error: UNIQUE constraint failed: OrderItems.OrderID, OrderItems.ProductID
2026-03-19 01:48:59,533 - ERROR - Table: OrderItems | Row: ['191427', '7783', '4664', '4', '350.08', '0.167', '1400.32'] | Error: UNIQUE constraint failed: OrderItems.OrderID, OrderItems.ProductID
2026-03-19 01:48:59,709 - ERROR - Table: OrderItems | Row: ['196059', '20976', '4745', '4', '326.54', '0.031', '1306.16'] | Error: UNIQUE constraint failed: OrderItems.OrderID, OrderItems.ProductID
2026-03-19 01:49:00,088 - ERROR - Table: OrderItems | Row: ['206025', '19436', '6358', '5', '360.66', '0.177', '1803.3'] | Error: UNIQUE constraint failed: OrderItems.OrderID, OrderItems.ProductID
2026-03-19 01:49:00,286 - ERROR - Table: OrderItems | Row: ['211334', '95312', '5025', '5', '117.58', '0.031', '587.9'] | Error: UNIQUE constraint failed: OrderItems.OrderID, OrderItems.ProductID
2026-03-19 01:49:00,363 - ERROR - Table: OrderItems | Row: ['213352', '9720', '5389', '1', '385.84', '0.12', '385.84'] | Error: UNIQUE constraint failed: OrderItems.OrderID, OrderItems.ProductID
2026-03-19 01:49:00,382 - ERROR - Table: OrderItems | Row: ['213892', '99162', '3729', '3', '34.69', '0.078', '104.07'] | Error: UNIQUE constraint failed: OrderItems.OrderID, OrderItems.ProductID
2026-03-19 01:49:00,440 - ERROR - Table: OrderItems | Row: ['215389', '98603', '7476', '1', '46.28', '0.214', '46.28'] | Error: UNIQUE constraint failed: OrderItems.OrderID, OrderItems.ProductID
2026-03-19 01:49:00,493 - ERROR - Table: OrderItems | Row: ['216770', '101635', '7089', '1', '118.51', '0.078', '118.51'] | Error: UNIQUE constraint failed: OrderItems.OrderID, OrderItems.ProductID
2026-03-19 01:49:00,657 - ERROR - Table: OrderItems | Row: ['220936', '19932', '5697', '1', '157.37', '0.133', '157.37'] | Error: UNIQUE constraint failed: OrderItems.OrderID, OrderItems.ProductID
2026-03-19 01:49:00,806 - ERROR - Table: OrderItems | Row: ['224721', '7451', '6443', '2', '122.95', '0.22', '245.9'] | Error: UNIQUE constraint failed: OrderItems.OrderID, OrderItems.ProductID
2026-03-19 01:49:01,024 - ERROR - Table: OrderItems | Row: ['230358', '26109', '7068', '3', '146.84', '0.234', '440.52'] | Error: UNIQUE constraint failed: OrderItems.OrderID, OrderItems.ProductID
2026-03-19 01:49:01,043 - ERROR - Table: OrderItems | Row: ['230819', '80517', '2832', '5', '397.71', '0.093', '1988.55'] | Error: UNIQUE constraint failed: OrderItems.OrderID, OrderItems.ProductID
2026-03-19 01:49:01,086 - ERROR - Table: OrderItems | Row: ['231885', '113637', '3432', '1', '170.83', '0.221', '170.83'] | Error: UNIQUE constraint failed: OrderItems.OrderID, OrderItems.ProductID
2026-03-19 01:49:01,392 - ERROR - Table: OrderItems | Row: ['239402', '81052', '4627', '4', '254.97', '0.101', '1019.88'] | Error: UNIQUE constraint failed: OrderItems.OrderID, OrderItems.ProductID
2026-03-19 01:49:01,455 - ERROR - Table: OrderItems | Row: ['240945', '97056', '6612', '5', '169.47', '0.108', '847.35'] | Error: UNIQUE constraint failed: OrderItems.OrderID, OrderItems.ProductID
2026-03-19 01:49:01,624 - ERROR - Table: OrderItems | Row: ['245204', '81176', '7639', '2', '11.52', '0.017', '23.04'] | Error: UNIQUE constraint failed: OrderItems.OrderID, OrderItems.ProductID
2026-03-19 01:49:01,628 - ERROR - Table: OrderItems | Row: ['245314', '38290', '3814', '3', '91.25', '0.119', '273.75'] | Error: UNIQUE constraint failed: OrderItems.OrderID, OrderItems.ProductID
2026-03-19 01:49:01,719 - ERROR - Table: OrderItems | Row: ['247859', '47081', '396', '2', '78.38', '0.205', '156.76'] | Error: UNIQUE constraint failed: OrderItems.OrderID, OrderItems.ProductID
2026-03-19 01:49:01,812 - ERROR - Table: OrderItems | Row: ['250224', '104650', '7490', '1', '402.91', '0.093', '402.91'] | Error: UNIQUE constraint failed: OrderItems.OrderID, OrderItems.ProductID
2026-03-19 01:49:02,033 - ERROR - Table: OrderItems | Row: ['256277', '22035', '5642', '2', '253.06', '0.169', '506.12'] | Error: UNIQUE constraint failed: OrderItems.OrderID, OrderItems.ProductID
2026-03-19 01:49:02,344 - ERROR - Table: OrderItems | Row: ['264032', '100045', '2905', '1', '282.42', '0.204', '282.42'] | Error: UNIQUE constraint failed: OrderItems.OrderID, OrderItems.ProductID
2026-03-19 01:49:02,362 - ERROR - Table: OrderItems | Row: ['264508', '24549', '6393', '2', '189.53', '0.02', '379.06'] | Error: UNIQUE constraint failed: OrderItems.OrderID, OrderItems.ProductID
2026-03-19 01:49:02,761 - ERROR - Table: OrderItems | Row: ['273912', '34638', '3774', '2', '20.33', '0.048', '40.66'] | Error: UNIQUE constraint failed: OrderItems.OrderID, OrderItems.ProductID
2026-03-19 01:49:03,002 - ERROR - Table: OrderItems | Row: ['279795', '100274', '4088', '3', '169.91', '0.197', '509.73'] | Error: UNIQUE constraint failed: OrderItems.OrderID, OrderItems.ProductID
2026-03-19 01:49:03,694 - ERROR - Table: OrderItems | Row: ['297152', '102439', '1363', '5', '57.71', '0.187', '288.55'] | Error: UNIQUE constraint failed: OrderItems.OrderID, OrderItems.ProductID
2026-03-19 01:49:03,895 - ERROR - Table: OrderItems | Row: ['302824', '2557', '3588', '4', '368.96', '0.197', '1475.84'] | Error: UNIQUE constraint failed: OrderItems.OrderID, OrderItems.ProductID
2026-03-19 01:49:03,989 - ERROR - Table: OrderItems | Row: ['305079', '77895', '1625', '4', '266.87', '0.096', '1067.48'] | Error: UNIQUE constraint failed: OrderItems.OrderID, OrderItems.ProductID
2026-03-19 01:49:04,004 - ERROR - Table: OrderItems | Row: ['305638', '30812', '785', '1', '12.8', '0.225', '12.8'] | Error: UNIQUE constraint failed: OrderItems.OrderID, OrderItems.ProductID
2026-03-19 01:49:04,051 - ERROR - Table: OrderItems | Row: ['306688', '8866', '2894', '5', '265.08', '0.135', '1325.4'] | Error: UNIQUE constraint failed: OrderItems.OrderID, OrderItems.ProductID
2026-03-19 01:49:04,254 - ERROR - Table: OrderItems | Row: ['312164', '15105', '2955', '2', '184.97', '0.231', '369.94'] | Error: UNIQUE constraint failed: OrderItems.OrderID, OrderItems.ProductID
2026-03-19 01:49:04,270 - ERROR - Table: OrderItems | Row: ['312648', '12263', '4638', '4', '292.18', '0.206', '1168.72'] | Error: UNIQUE constraint failed: OrderItems.OrderID, OrderItems.ProductID
2026-03-19 01:49:04,522 - ERROR - Table: OrderItems | Row: ['318857', '31147', '6659', '5', '336.16', '0.194', '1680.8'] | Error: UNIQUE constraint failed: OrderItems.OrderID, OrderItems.ProductID
2026-03-19 01:49:04,633 - ERROR - Table: OrderItems | Row: ['321522', '77126', '5952', '2', '116.22', '0.204', '232.44'] | Error: UNIQUE constraint failed: OrderItems.OrderID, OrderItems.ProductID
2026-03-19 01:49:04,699 - ERROR - Table: OrderItems | Row: ['323144', '33315', '4874', '3', '174.28', '0.01', '522.84'] | Error: UNIQUE constraint failed: OrderItems.OrderID, OrderItems.ProductID
2026-03-19 01:49:04,699 - ERROR - Table: OrderItems | Row: ['323211', '69290', '3523', '5', '214.97', '0.246', '1074.85'] | Error: UNIQUE constraint failed: OrderItems.OrderID, OrderItems.ProductID
2026-03-19 01:49:04,699 - ERROR - Table: OrderItems | Row: ['323306', '71038', '1412', '1', '102.41', '0.111', '102.41'] | Error: UNIQUE constraint failed: OrderItems.OrderID, OrderItems.ProductID
2026-03-19 01:49:04,991 - ERROR - Table: OrderItems | Row: ['329821', '74279', '4693', '3', '289.14', '0.125', '867.42'] | Error: UNIQUE constraint failed: OrderItems.OrderID, OrderItems.ProductID
2026-03-19 01:49:05,089 - ERROR - Table: OrderItems | Row: ['332391', '80627', '6839', '5', '135.37', '0.173', '676.85'] | Error: UNIQUE constraint failed: OrderItems.OrderID, OrderItems.ProductID
2026-03-19 01:49:05,608 - ERROR - Table: OrderItems | Row: ['343924', '95765', '7533', '5', '60.18', '0.012', '300.9'] | Error: UNIQUE constraint failed: OrderItems.OrderID, OrderItems.ProductID
2026-03-19 01:49:05,651 - ERROR - Table: OrderItems | Row: ['345001', '47559', '1545', '3', '205.42', '0.087', '616.26'] | Error: UNIQUE constraint failed: OrderItems.OrderID, OrderItems.ProductID
2026-03-19 01:49:05,744 - ERROR - Table: OrderItems | Row: ['347608', '19204', '4997', '3', '366.82', '0.173', '1100.46'] | Error: UNIQUE constraint failed: OrderItems.OrderID, OrderItems.ProductID
2026-03-19 01:49:05,901 - ERROR - Table: OrderItems | Row: ['351476', '107283', '4233', '1', '339.57', '0.112', '339.57'] | Error: UNIQUE constraint failed: OrderItems.OrderID, OrderItems.ProductID
2026-03-19 01:49:05,979 - ERROR - Table: OrderItems | Row: ['353452', '36415', '402', '1', '190.47', '0.149', '190.47'] | Error: UNIQUE constraint failed: OrderItems.OrderID, OrderItems.ProductID
2026-03-19 01:49:05,991 - ERROR - Table: OrderItems | Row: ['353753', '16788', '1118', '5', '272.28', '0.079', '1361.4'] | Error: UNIQUE constraint failed: OrderItems.OrderID, OrderItems.ProductID
2026-03-19 01:49:06,037 - ERROR - Table: OrderItems | Row: ['354932', '103283', '6301', '4', '173.09', '0.038', '692.36'] | Error: UNIQUE constraint failed: OrderItems.OrderID, OrderItems.ProductID
2026-03-19 01:49:06,157 - ERROR - Table: OrderItems | Row: ['358118', '58131', '1183', '1', '451.5', '0.096', '451.5'] | Error: UNIQUE constraint failed: OrderItems.OrderID, OrderItems.ProductID
2026-03-19 01:49:06,173 - ERROR - Table: OrderItems | Row: ['358567', '59219', '5916', '2', '403.35', '0.006', '806.7'] | Error: UNIQUE constraint failed: OrderItems.OrderID, OrderItems.ProductID
2026-03-19 01:49:06,236 - INFO - Finished OrderItems \u2192 Success: 359940, Errors: 60
2026-03-19 01:49:10,446 - INFO - Finished Payments \u2192 Success: 140000, Errors: 0
2026-03-19 01:49:17,915 - INFO - Finished OrderStatusHistory \u2192 Success: 250000, Errors: 0
2026-03-19 01:49:19,912 - INFO - Finished OrderAudit \u2192 Success: 80000, Errors: 0
2026-03-19 01:59:42,008 - INFO - Finished Customers \u2192 Success: 30000, Errors: 0
2026-03-19 01:59:42,174 - INFO - Finished Products \u2192 Success: 8000, Errors: 0
2026-03-19 01:59:45,512 - INFO - Finished Orders \u2192 Success: 120000, Errors: 0
2026-03-19 01:59:52,925 - INFO - Finished OrderItems \u2192 Success: 360000, Errors: 0
2026-03-19 01:59:56,638 - INFO - Finished Payments \u2192 Success: 140000, Errors: 0
2026-03-19 02:00:03,605 - INFO - Finished OrderStatusHistory \u2192 Success: 250000, Errors: 0
2026-03-19 02:00:05,667 - INFO - Finished OrderAudit \u2192 Success: 80000, Errors: 0
